<?xml version="1.0" encoding="UTF-8"?>
<testng-results ignored="0" total="1" passed="1" failed="0" skipped="0">
  <reporter-output>
  </reporter-output>
  <suite started-at="2022-01-26T17:12:44 IST" name="Default suite" finished-at="2022-01-26T17:13:00 IST" duration-ms="16201">
    <groups>
    </groups>
    <test started-at="2022-01-26T17:12:44 IST" name="Default test" finished-at="2022-01-26T17:13:00 IST" duration-ms="16201">
      <class name="script.Login">
        <test-method signature="createAccount()[pri:0, instance:script.Login@649bec2e]" started-at="2022-01-26T17:12:44 IST" name="createAccount" finished-at="2022-01-26T17:13:00 IST" duration-ms="16143" status="PASS">
          <reporter-output>
          </reporter-output>
        </test-method> <!-- createAccount -->
      </class> <!-- script.Login -->
    </test> <!-- Default test -->
  </suite> <!-- Default suite -->
</testng-results>
